# JRE version: OpenJDK Runtime Environment (8.0_152-b01) (build 1.8.0_152-release-1024-b01)
# Java VM: OpenJDK 64-Bit Server VM (25.152-b01 mixed mode linux-amd64 compressed oops)
Heap:
 PSYoungGen      total 193024K, used 48111K [0x00000000e0000000, 0x00000000ef000000, 0x0000000100000000)
  eden space 144896K, 0% used [0x00000000e0000000,0x00000000e0000000,0x00000000e8d80000)
  from space 48128K, 99% used [0x00000000e8d80000,0x00000000ebc7bcf0,0x00000000ebc80000)
  to   space 38400K, 0% used [0x00000000ebc80000,0x00000000ebc80000,0x00000000ee200000)
 ParOldGen       total 217088K, used 204748K [0x00000000a0000000, 0x00000000ad400000, 0x00000000e0000000)
  object space 217088K, 94% used [0x00000000a0000000,0x00000000ac7f3248,0x00000000ad400000)
 Metaspace       used 59037K, capacity 60178K, committed 60416K, reserved 1101824K
  class space    used 6846K, capacity 7135K, committed 7168K, reserved 1048576K
GC Heap History (10 events):
Event: 32.902 GC heap after
Heap after GC invocations=16 (full 4):
 PSYoungGen      total 133632K, used 16624K [0x00000000e0000000, 0x00000000e9980000, 0x0000000100000000)
  eden space 113152K, 0% used [0x00000000e0000000,0x00000000e0000000,0x00000000e6e80000)
  from space 20480K, 81% used [0x00000000e8400000,0x00000000e943c0d0,0x00000000e9800000)
  to   space 22016K, 0% used [0x00000000e6e80000,0x00000000e6e80000,0x00000000e8400000)
 ParOldGen       total 217088K, used 172439K [0x00000000a0000000, 0x00000000ad400000, 0x00000000e0000000)
  object space 217088K, 79% used [0x00000000a0000000,0x00000000aa865c98,0x00000000ad400000)
 Metaspace       used 55272K, capacity 56254K, committed 56704K, reserved 1099776K
  class space    used 6681K, capacity 6931K, committed 7040K, reserved 1048576K
}
Event: 332.717 GC heap before
{Heap before GC invocations=17 (full 4):
 PSYoungGen      total 133632K, used 129776K [0x00000000e0000000, 0x00000000e9980000, 0x0000000100000000)
  eden space 113152K, 100% used [0x00000000e0000000,0x00000000e6e80000,0x00000000e6e80000)
  from space 20480K, 81% used [0x00000000e8400000,0x00000000e943c0d0,0x00000000e9800000)
  to   space 22016K, 0% used [0x00000000e6e80000,0x00000000e6e80000,0x00000000e8400000)
 ParOldGen       total 217088K, used 172439K [0x00000000a0000000, 0x00000000ad400000, 0x00000000e0000000)
  object space 217088K, 79% used [0x00000000a0000000,0x00000000aa865c98,0x00000000ad400000)
 Metaspace       used 56357K, capacity 57392K, committed 57728K, reserved 1099776K
  class space    used 6745K, capacity 7016K, committed 7040K, reserved 1048576K
Event: 332.737 GC heap after
Heap after GC invocations=17 (full 4):
 PSYoungGen      total 135168K, used 18274K [0x00000000e0000000, 0x00000000eb100000, 0x0000000100000000)
  eden space 113152K, 0% used [0x00000000e0000000,0x00000000e0000000,0x00000000e6e80000)
  from space 22016K, 83% used [0x00000000e6e80000,0x00000000e8058a20,0x00000000e8400000)
  to   space 24064K, 0% used [0x00000000e9980000,0x00000000e9980000,0x00000000eb100000)
 ParOldGen       total 217088K, used 172467K [0x00000000a0000000, 0x00000000ad400000, 0x00000000e0000000)
  object space 217088K, 79% used [0x00000000a0000000,0x00000000aa86cc88,0x00000000ad400000)
 Metaspace       used 56357K, capacity 57392K, committed 57728K, reserved 1099776K
  class space    used 6745K, capacity 7016K, committed 7040K, reserved 1048576K
}
Event: 333.906 GC heap before
{Heap before GC invocations=18 (full 4):
 PSYoungGen      total 135168K, used 131426K [0x00000000e0000000, 0x00000000eb100000, 0x0000000100000000)
  eden space 113152K, 100% used [0x00000000e0000000,0x00000000e6e80000,0x00000000e6e80000)
  from space 22016K, 83% used [0x00000000e6e80000,0x00000000e8058a20,0x00000000e8400000)
  to   space 24064K, 0% used [0x00000000e9980000,0x00000000e9980000,0x00000000eb100000)
 ParOldGen       total 217088K, used 172467K [0x00000000a0000000, 0x00000000ad400000, 0x00000000e0000000)
  object space 217088K, 79% used [0x00000000a0000000,0x00000000aa86cc88,0x00000000ad400000)
 Metaspace       used 56917K, capacity 57994K, committed 58240K, reserved 1099776K
  class space    used 6772K, capacity 7019K, committed 7040K, reserved 1048576K
Event: 333.968 GC heap after
Heap after GC invocations=18 (full 4):
 PSYoungGen      total 148992K, used 24037K [0x00000000e0000000, 0x00000000ec780000, 0x0000000100000000)
  eden space 124928K, 0% used [0x00000000e0000000,0x00000000e0000000,0x00000000e7a00000)
  from space 24064K, 99% used [0x00000000e9980000,0x00000000eb0f95a0,0x00000000eb100000)
  to   space 32256K, 0% used [0x00000000e7a00000,0x00000000e7a00000,0x00000000e9980000)
 ParOldGen       total 217088K, used 185308K [0x00000000a0000000, 0x00000000ad400000, 0x00000000e0000000)
  object space 217088K, 85% used [0x00000000a0000000,0x00000000ab4f7088,0x00000000ad400000)
 Metaspace       used 56917K, capacity 57994K, committed 58240K, reserved 1099776K
  class space    used 6772K, capacity 7019K, committed 7040K, reserved 1048576K
}
Event: 335.964 GC heap before
{Heap before GC invocations=19 (full 4):
 PSYoungGen      total 148992K, used 148965K [0x00000000e0000000, 0x00000000ec780000, 0x0000000100000000)
  eden space 124928K, 100% used [0x00000000e0000000,0x00000000e7a00000,0x00000000e7a00000)
  from space 24064K, 99% used [0x00000000e9980000,0x00000000eb0f95a0,0x00000000eb100000)
  to   space 32256K, 0% used [0x00000000e7a00000,0x00000000e7a00000,0x00000000e9980000)
 ParOldGen       total 217088K, used 185308K [0x00000000a0000000, 0x00000000ad400000, 0x00000000e0000000)
  object space 217088K, 85% used [0x00000000a0000000,0x00000000ab4f7088,0x00000000ad400000)
 Metaspace       used 57937K, capacity 59024K, committed 59392K, reserved 1101824K
  class space    used 6794K, capacity 7056K, committed 7168K, reserved 1048576K
Event: 336.016 GC heap after
Heap after GC invocations=19 (full 4):
 PSYoungGen      total 157184K, used 32246K [0x00000000e0000000, 0x00000000ee200000, 0x0000000100000000)
  eden space 124928K, 0% used [0x00000000e0000000,0x00000000e0000000,0x00000000e7a00000)
  from space 32256K, 99% used [0x00000000e7a00000,0x00000000e997d948,0x00000000e9980000)
  to   space 38400K, 0% used [0x00000000ebc80000,0x00000000ebc80000,0x00000000ee200000)
 ParOldGen       total 217088K, used 188631K [0x00000000a0000000, 0x00000000ad400000, 0x00000000e0000000)
  object space 217088K, 86% used [0x00000000a0000000,0x00000000ab835f18,0x00000000ad400000)
 Metaspace       used 57937K, capacity 59024K, committed 59392K, reserved 1101824K
  class space    used 6794K, capacity 7056K, committed 7168K, reserved 1048576K
}
Event: 651.418 GC heap before
{Heap before GC invocations=20 (full 4):
 PSYoungGen      total 157184K, used 157174K [0x00000000e0000000, 0x00000000ee200000, 0x0000000100000000)
  eden space 124928K, 100% used [0x00000000e0000000,0x00000000e7a00000,0x00000000e7a00000)
  from space 32256K, 99% used [0x00000000e7a00000,0x00000000e997d948,0x00000000e9980000)
  to   space 38400K, 0% used [0x00000000ebc80000,0x00000000ebc80000,0x00000000ee200000)
 ParOldGen       total 217088K, used 188631K [0x00000000a0000000, 0x00000000ad400000, 0x00000000e0000000)
  object space 217088K, 86% used [0x00000000a0000000,0x00000000ab835f18,0x00000000ad400000)
 Metaspace       used 58532K, capacity 59680K, committed 59904K, reserved 1101824K
  class space    used 6826K, capacity 7100K, committed 7168K, reserved 1048576K
Event: 651.485 GC heap after
Heap after GC invocations=20 (full 4):
 PSYoungGen      total 183296K, used 38390K [0x00000000e0000000, 0x00000000ef000000, 0x0000000100000000)
  eden space 144896K, 0% used [0x00000000e0000000,0x00000000e0000000,0x00000000e8d80000)
  from space 38400K, 99% used [0x00000000ebc80000,0x00000000ee1fd9f8,0x00000000ee200000)
  to   space 48128K, 0% used [0x00000000e8d80000,0x00000000e8d80000,0x00000000ebc80000)
 ParOldGen       total 217088K, used 197717K [0x00000000a0000000, 0x00000000ad400000, 0x00000000e0000000)
  object space 217088K, 91% used [0x00000000a0000000,0x00000000ac115458,0x00000000ad400000)
 Metaspace       used 58532K, capacity 59680K, committed 59904K, reserved 1101824K
  class space    used 6826K, capacity 7100K, committed 7168K, reserved 1048576K
}
Event: 653.007 GC heap before
{Heap before GC invocations=21 (full 4):
 PSYoungGen      total 183296K, used 183286K [0x00000000e0000000, 0x00000000ef000000, 0x0000000100000000)
  eden space 144896K, 100% used [0x00000000e0000000,0x00000000e8d80000,0x00000000e8d80000)
  from space 38400K, 99% used [0x00000000ebc80000,0x00000000ee1fd9f8,0x00000000ee200000)
  to   space 48128K, 0% used [0x00000000e8d80000,0x00000000e8d80000,0x00000000ebc80000)
 ParOldGen       total 217088K, used 197717K [0x00000000a0000000, 0x00000000ad400000, 0x00000000e0000000)
  object space 217088K, 91% used [0x00000000a0000000,0x00000000ac115458,0x00000000ad400000)
 Metaspace       used 59037K, capacity 60178K, committed 60416K, reserved 1101824K
  class space    used 6846K, capacity 7135K, committed 7168K, reserved 1048576K

