# JRE version: OpenJDK Runtime Environment (8.0_152-b01) (build 1.8.0_152-release-1024-b01)
# Java VM: OpenJDK 64-Bit Server VM (25.152-b01 mixed mode linux-amd64 compressed oops)
Heap:
 PSYoungGen      total 334848K, used 30844K [0x00000000e0000000, 0x00000000f6e00000, 0x0000000100000000)
  eden space 297984K, 0% used [0x00000000e0000000,0x00000000e0000000,0x00000000f2300000)
  from space 36864K, 83% used [0x00000000f2300000,0x00000000f411f110,0x00000000f4700000)
  to   space 29696K, 0% used [0x00000000f4700000,0x00000000f4700000,0x00000000f6400000)
 ParOldGen       total 101376K, used 49812K [0x00000000a0000000, 0x00000000a6300000, 0x00000000e0000000)
  object space 101376K, 49% used [0x00000000a0000000,0x00000000a30a5100,0x00000000a6300000)
 Metaspace       used 57868K, capacity 58944K, committed 59136K, reserved 1101824K
  class space    used 6802K, capacity 7084K, committed 7168K, reserved 1048576K
GC Heap History (10 events):
Event: 7.867 GC heap after
Heap after GC invocations=13 (full 3):
 PSYoungGen      total 158208K, used 27616K [0x00000000e0000000, 0x00000000ec900000, 0x0000000100000000)
  eden space 130560K, 0% used [0x00000000e0000000,0x00000000e0000000,0x00000000e7f80000)
  from space 27648K, 99% used [0x00000000ea000000,0x00000000ebaf8100,0x00000000ebb00000)
  to   space 33280K, 0% used [0x00000000e7f80000,0x00000000e7f80000,0x00000000ea000000)
 ParOldGen       total 101376K, used 23893K [0x00000000a0000000, 0x00000000a6300000, 0x00000000e0000000)
  object space 101376K, 23% used [0x00000000a0000000,0x00000000a17557a8,0x00000000a6300000)
 Metaspace       used 45709K, capacity 46372K, committed 46720K, reserved 1089536K
  class space    used 5773K, capacity 5930K, committed 6016K, reserved 1048576K
}
Event: 7.954 GC heap before
{Heap before GC invocations=14 (full 3):
 PSYoungGen      total 158208K, used 142049K [0x00000000e0000000, 0x00000000ec900000, 0x0000000100000000)
  eden space 130560K, 87% used [0x00000000e0000000,0x00000000e6fc0468,0x00000000e7f80000)
  from space 27648K, 99% used [0x00000000ea000000,0x00000000ebaf8100,0x00000000ebb00000)
  to   space 33280K, 0% used [0x00000000e7f80000,0x00000000e7f80000,0x00000000ea000000)
 ParOldGen       total 101376K, used 23893K [0x00000000a0000000, 0x00000000a6300000, 0x00000000e0000000)
  object space 101376K, 23% used [0x00000000a0000000,0x00000000a17557a8,0x00000000a6300000)
 Metaspace       used 46542K, capacity 47216K, committed 47616K, reserved 1091584K
  class space    used 5880K, capacity 6038K, committed 6144K, reserved 1048576K
Event: 7.972 GC heap after
Heap after GC invocations=14 (full 3):
 PSYoungGen      total 163840K, used 15525K [0x00000000e0000000, 0x00000000f0100000, 0x0000000100000000)
  eden space 130560K, 0% used [0x00000000e0000000,0x00000000e0000000,0x00000000e7f80000)
  from space 33280K, 46% used [0x00000000e7f80000,0x00000000e8ea96e8,0x00000000ea000000)
  to   space 31744K, 0% used [0x00000000ee200000,0x00000000ee200000,0x00000000f0100000)
 ParOldGen       total 101376K, used 36872K [0x00000000a0000000, 0x00000000a6300000, 0x00000000e0000000)
  object space 101376K, 36% used [0x00000000a0000000,0x00000000a24021e8,0x00000000a6300000)
 Metaspace       used 46542K, capacity 47216K, committed 47616K, reserved 1091584K
  class space    used 5880K, capacity 6038K, committed 6144K, reserved 1048576K
}
Event: 7.986 GC heap before
{Heap before GC invocations=15 (full 3):
 PSYoungGen      total 163840K, used 128101K [0x00000000e0000000, 0x00000000f0100000, 0x0000000100000000)
  eden space 130560K, 86% used [0x00000000e0000000,0x00000000e6df0038,0x00000000e7f80000)
  from space 33280K, 46% used [0x00000000e7f80000,0x00000000e8ea96e8,0x00000000ea000000)
  to   space 31744K, 0% used [0x00000000ee200000,0x00000000ee200000,0x00000000f0100000)
 ParOldGen       total 101376K, used 36872K [0x00000000a0000000, 0x00000000a6300000, 0x00000000e0000000)
  object space 101376K, 36% used [0x00000000a0000000,0x00000000a24021e8,0x00000000a6300000)
 Metaspace       used 46605K, capacity 47330K, committed 47872K, reserved 1091584K
  class space    used 5890K, capacity 6073K, committed 6144K, reserved 1048576K
Event: 7.993 GC heap after
Heap after GC invocations=15 (full 3):
 PSYoungGen      total 231936K, used 10512K [0x00000000e0000000, 0x00000000f0180000, 0x0000000100000000)
  eden space 200192K, 0% used [0x00000000e0000000,0x00000000e0000000,0x00000000ec380000)
  from space 31744K, 33% used [0x00000000ee200000,0x00000000eec443a8,0x00000000f0100000)
  to   space 31232K, 0% used [0x00000000ec380000,0x00000000ec380000,0x00000000ee200000)
 ParOldGen       total 101376K, used 41388K [0x00000000a0000000, 0x00000000a6300000, 0x00000000e0000000)
  object space 101376K, 40% used [0x00000000a0000000,0x00000000a286b040,0x00000000a6300000)
 Metaspace       used 46605K, capacity 47330K, committed 47872K, reserved 1091584K
  class space    used 5890K, capacity 6073K, committed 6144K, reserved 1048576K
}
Event: 105.801 GC heap before
{Heap before GC invocations=16 (full 3):
 PSYoungGen      total 231936K, used 210704K [0x00000000e0000000, 0x00000000f0180000, 0x0000000100000000)
  eden space 200192K, 100% used [0x00000000e0000000,0x00000000ec380000,0x00000000ec380000)
  from space 31744K, 33% used [0x00000000ee200000,0x00000000eec443a8,0x00000000f0100000)
  to   space 31232K, 0% used [0x00000000ec380000,0x00000000ec380000,0x00000000ee200000)
 ParOldGen       total 101376K, used 41388K [0x00000000a0000000, 0x00000000a6300000, 0x00000000e0000000)
  object space 101376K, 40% used [0x00000000a0000000,0x00000000a286b040,0x00000000a6300000)
 Metaspace       used 55567K, capacity 56550K, committed 56960K, reserved 1099776K
  class space    used 6702K, capacity 6925K, committed 7040K, reserved 1048576K
Event: 105.813 GC heap after
Heap after GC invocations=16 (full 3):
 PSYoungGen      total 231424K, used 13537K [0x00000000e0000000, 0x00000000f6400000, 0x0000000100000000)
  eden space 200192K, 0% used [0x00000000e0000000,0x00000000e0000000,0x00000000ec380000)
  from space 31232K, 43% used [0x00000000ec380000,0x00000000ed0b84b0,0x00000000ee200000)
  to   space 29696K, 0% used [0x00000000f4700000,0x00000000f4700000,0x00000000f6400000)
 ParOldGen       total 101376K, used 41532K [0x00000000a0000000, 0x00000000a6300000, 0x00000000e0000000)
  object space 101376K, 40% used [0x00000000a0000000,0x00000000a288f040,0x00000000a6300000)
 Metaspace       used 55567K, capacity 56550K, committed 56960K, reserved 1099776K
  class space    used 6702K, capacity 6925K, committed 7040K, reserved 1048576K
}
Event: 108.355 GC heap before
{Heap before GC invocations=17 (full 3):
 PSYoungGen      total 231424K, used 213729K [0x00000000e0000000, 0x00000000f6400000, 0x0000000100000000)
  eden space 200192K, 100% used [0x00000000e0000000,0x00000000ec380000,0x00000000ec380000)
  from space 31232K, 43% used [0x00000000ec380000,0x00000000ed0b84b0,0x00000000ee200000)
  to   space 29696K, 0% used [0x00000000f4700000,0x00000000f4700000,0x00000000f6400000)
 ParOldGen       total 101376K, used 41532K [0x00000000a0000000, 0x00000000a6300000, 0x00000000e0000000)
  object space 101376K, 40% used [0x00000000a0000000,0x00000000a288f040,0x00000000a6300000)
 Metaspace       used 56950K, capacity 58042K, committed 58240K, reserved 1099776K
  class space    used 6754K, capacity 7005K, committed 7040K, reserved 1048576K
Event: 108.400 GC heap after
Heap after GC invocations=17 (full 3):
 PSYoungGen      total 327680K, used 29682K [0x00000000e0000000, 0x00000000f6e00000, 0x0000000100000000)
  eden space 297984K, 0% used [0x00000000e0000000,0x00000000e0000000,0x00000000f2300000)
  from space 29696K, 99% used [0x00000000f4700000,0x00000000f63fc880,0x00000000f6400000)
  to   space 36864K, 0% used [0x00000000f2300000,0x00000000f2300000,0x00000000f4700000)
 ParOldGen       total 101376K, used 49676K [0x00000000a0000000, 0x00000000a6300000, 0x00000000e0000000)
  object space 101376K, 49% used [0x00000000a0000000,0x00000000a3083100,0x00000000a6300000)
 Metaspace       used 56950K, capacity 58042K, committed 58240K, reserved 1099776K
  class space    used 6754K, capacity 7005K, committed 7040K, reserved 1048576K
}
Event: 345.876 GC heap before
{Heap before GC invocations=18 (full 3):
 PSYoungGen      total 327680K, used 252999K [0x00000000e0000000, 0x00000000f6e00000, 0x0000000100000000)
  eden space 297984K, 74% used [0x00000000e0000000,0x00000000eda15770,0x00000000f2300000)
  from space 29696K, 99% used [0x00000000f4700000,0x00000000f63fc880,0x00000000f6400000)
  to   space 36864K, 0% used [0x00000000f2300000,0x00000000f2300000,0x00000000f4700000)
 ParOldGen       total 101376K, used 49676K [0x00000000a0000000, 0x00000000a6300000, 0x00000000e0000000)
  object space 101376K, 49% used [0x00000000a0000000,0x00000000a3083100,0x00000000a6300000)
 Metaspace       used 57868K, capacity 58944K, committed 59136K, reserved 1101824K
  class space    used 6802K, capacity 7084K, committed 7168K, reserved 1048576K

