# JRE version: OpenJDK Runtime Environment (8.0_152-b01) (build 1.8.0_152-release-1024-b01)
# Java VM: OpenJDK 64-Bit Server VM (25.152-b01 mixed mode linux-amd64 compressed oops)
Heap:
 PSYoungGen      total 252416K, used 27631K [0x00000000e0000000, 0x00000000f1180000, 0x0000000100000000)
  eden space 224768K, 0% used [0x00000000e0000000,0x00000000e0000000,0x00000000edb80000)
  from space 27648K, 99% used [0x00000000edb80000,0x00000000ef67bf48,0x00000000ef680000)
  to   space 23552K, 0% used [0x00000000efa80000,0x00000000efa80000,0x00000000f1180000)
 ParOldGen       total 159232K, used 97456K [0x00000000a0000000, 0x00000000a9b80000, 0x00000000e0000000)
  object space 159232K, 61% used [0x00000000a0000000,0x00000000a5f2c270,0x00000000a9b80000)
 Metaspace       used 56724K, capacity 57772K, committed 57984K, reserved 1099776K
  class space    used 6755K, capacity 6976K, committed 7040K, reserved 1048576K
GC Heap History (10 events):
Event: 7.373 GC heap after
Heap after GC invocations=14 (full 3):
 PSYoungGen      total 125952K, used 23254K [0x00000000e0000000, 0x00000000ece80000, 0x0000000100000000)
  eden space 97280K, 0% used [0x00000000e0000000,0x00000000e0000000,0x00000000e5f00000)
  from space 28672K, 81% used [0x00000000e5f00000,0x00000000e75b5b98,0x00000000e7b00000)
  to   space 30720K, 0% used [0x00000000eb080000,0x00000000eb080000,0x00000000ece80000)
 ParOldGen       total 120832K, used 91353K [0x00000000a0000000, 0x00000000a7600000, 0x00000000e0000000)
  object space 120832K, 75% used [0x00000000a0000000,0x00000000a59365d0,0x00000000a7600000)
 Metaspace       used 45914K, capacity 46576K, committed 46976K, reserved 1089536K
  class space    used 5792K, capacity 5970K, committed 6016K, reserved 1048576K
}
Event: 7.477 GC heap before
{Heap before GC invocations=15 (full 3):
 PSYoungGen      total 125952K, used 82316K [0x00000000e0000000, 0x00000000ece80000, 0x0000000100000000)
  eden space 97280K, 60% used [0x00000000e0000000,0x00000000e39ad600,0x00000000e5f00000)
  from space 28672K, 81% used [0x00000000e5f00000,0x00000000e75b5b98,0x00000000e7b00000)
  to   space 30720K, 0% used [0x00000000eb080000,0x00000000eb080000,0x00000000ece80000)
 ParOldGen       total 120832K, used 91353K [0x00000000a0000000, 0x00000000a7600000, 0x00000000e0000000)
  object space 120832K, 75% used [0x00000000a0000000,0x00000000a59365d0,0x00000000a7600000)
 Metaspace       used 46732K, capacity 47412K, committed 47872K, reserved 1091584K
  class space    used 5897K, capacity 6076K, committed 6144K, reserved 1048576K
Event: 7.510 GC heap after
Heap after GC invocations=15 (full 3):
 PSYoungGen      total 177664K, used 11082K [0x00000000e0000000, 0x00000000ecc00000, 0x0000000100000000)
  eden space 149504K, 0% used [0x00000000e0000000,0x00000000e0000000,0x00000000e9200000)
  from space 28160K, 39% used [0x00000000eb080000,0x00000000ebb52a30,0x00000000ecc00000)
  to   space 29696K, 0% used [0x00000000e9200000,0x00000000e9200000,0x00000000eaf00000)
 ParOldGen       total 120832K, used 104352K [0x00000000a0000000, 0x00000000a7600000, 0x00000000e0000000)
  object space 120832K, 86% used [0x00000000a0000000,0x00000000a65e8200,0x00000000a7600000)
 Metaspace       used 46732K, capacity 47412K, committed 47872K, reserved 1091584K
  class space    used 5897K, capacity 6076K, committed 6144K, reserved 1048576K
}
Event: 7.510 GC heap before
{Heap before GC invocations=16 (full 4):
 PSYoungGen      total 177664K, used 11082K [0x00000000e0000000, 0x00000000ecc00000, 0x0000000100000000)
  eden space 149504K, 0% used [0x00000000e0000000,0x00000000e0000000,0x00000000e9200000)
  from space 28160K, 39% used [0x00000000eb080000,0x00000000ebb52a30,0x00000000ecc00000)
  to   space 29696K, 0% used [0x00000000e9200000,0x00000000e9200000,0x00000000eaf00000)
 ParOldGen       total 120832K, used 104352K [0x00000000a0000000, 0x00000000a7600000, 0x00000000e0000000)
  object space 120832K, 86% used [0x00000000a0000000,0x00000000a65e8200,0x00000000a7600000)
 Metaspace       used 46732K, capacity 47412K, committed 47872K, reserved 1091584K
  class space    used 5897K, capacity 6076K, committed 6144K, reserved 1048576K
Event: 7.663 GC heap after
Heap after GC invocations=16 (full 4):
 PSYoungGen      total 177664K, used 0K [0x00000000e0000000, 0x00000000ecc00000, 0x0000000100000000)
  eden space 149504K, 0% used [0x00000000e0000000,0x00000000e0000000,0x00000000e9200000)
  from space 28160K, 0% used [0x00000000eb080000,0x00000000eb080000,0x00000000ecc00000)
  to   space 29696K, 0% used [0x00000000e9200000,0x00000000e9200000,0x00000000eaf00000)
 ParOldGen       total 159232K, used 46489K [0x00000000a0000000, 0x00000000a9b80000, 0x00000000e0000000)
  object space 159232K, 29% used [0x00000000a0000000,0x00000000a2d66668,0x00000000a9b80000)
 Metaspace       used 46732K, capacity 47412K, committed 47872K, reserved 1091584K
  class space    used 5897K, capacity 6076K, committed 6144K, reserved 1048576K
}
Event: 7.681 GC heap before
{Heap before GC invocations=17 (full 4):
 PSYoungGen      total 177664K, used 113290K [0x00000000e0000000, 0x00000000ecc00000, 0x0000000100000000)
  eden space 149504K, 75% used [0x00000000e0000000,0x00000000e6ea2bb8,0x00000000e9200000)
  from space 28160K, 0% used [0x00000000eb080000,0x00000000eb080000,0x00000000ecc00000)
  to   space 29696K, 0% used [0x00000000e9200000,0x00000000e9200000,0x00000000eaf00000)
 ParOldGen       total 159232K, used 46489K [0x00000000a0000000, 0x00000000a9b80000, 0x00000000e0000000)
  object space 159232K, 29% used [0x00000000a0000000,0x00000000a2d66668,0x00000000a9b80000)
 Metaspace       used 46766K, capacity 47494K, committed 47872K, reserved 1091584K
  class space    used 5907K, capacity 6079K, committed 6144K, reserved 1048576K
Event: 7.701 GC heap after
Heap after GC invocations=17 (full 4):
 PSYoungGen      total 179200K, used 10416K [0x00000000e0000000, 0x00000000f1680000, 0x0000000100000000)
  eden space 149504K, 0% used [0x00000000e0000000,0x00000000e0000000,0x00000000e9200000)
  from space 29696K, 35% used [0x00000000e9200000,0x00000000e9c2c3a8,0x00000000eaf00000)
  to   space 28672K, 0% used [0x00000000efa80000,0x00000000efa80000,0x00000000f1680000)
 ParOldGen       total 159232K, used 87517K [0x00000000a0000000, 0x00000000a9b80000, 0x00000000e0000000)
  object space 159232K, 54% used [0x00000000a0000000,0x00000000a55774d0,0x00000000a9b80000)
 Metaspace       used 46766K, capacity 47494K, committed 47872K, reserved 1091584K
  class space    used 5907K, capacity 6079K, committed 6144K, reserved 1048576K
}
Event: 9.738 GC heap before
{Heap before GC invocations=18 (full 4):
 PSYoungGen      total 179200K, used 159920K [0x00000000e0000000, 0x00000000f1680000, 0x0000000100000000)
  eden space 149504K, 100% used [0x00000000e0000000,0x00000000e9200000,0x00000000e9200000)
  from space 29696K, 35% used [0x00000000e9200000,0x00000000e9c2c3a8,0x00000000eaf00000)
  to   space 28672K, 0% used [0x00000000efa80000,0x00000000efa80000,0x00000000f1680000)
 ParOldGen       total 159232K, used 87517K [0x00000000a0000000, 0x00000000a9b80000, 0x00000000e0000000)
  object space 159232K, 54% used [0x00000000a0000000,0x00000000a55774d0,0x00000000a9b80000)
 Metaspace       used 53770K, capacity 54708K, committed 55168K, reserved 1097728K
  class space    used 6548K, capacity 6764K, committed 6784K, reserved 1048576K
Event: 9.750 GC heap after
Heap after GC invocations=18 (full 4):
 PSYoungGen      total 248320K, used 11954K [0x00000000e0000000, 0x00000000f1180000, 0x0000000100000000)
  eden space 224768K, 0% used [0x00000000e0000000,0x00000000e0000000,0x00000000edb80000)
  from space 23552K, 50% used [0x00000000efa80000,0x00000000f062cb30,0x00000000f1180000)
  to   space 27648K, 0% used [0x00000000edb80000,0x00000000edb80000,0x00000000ef680000)
 ParOldGen       total 159232K, used 87549K [0x00000000a0000000, 0x00000000a9b80000, 0x00000000e0000000)
  object space 159232K, 54% used [0x00000000a0000000,0x00000000a557f4d0,0x00000000a9b80000)
 Metaspace       used 53770K, capacity 54708K, committed 55168K, reserved 1097728K
  class space    used 6548K, capacity 6764K, committed 6784K, reserved 1048576K
}
Event: 108.815 GC heap before
{Heap before GC invocations=19 (full 4):
 PSYoungGen      total 248320K, used 236722K [0x00000000e0000000, 0x00000000f1180000, 0x0000000100000000)
  eden space 224768K, 100% used [0x00000000e0000000,0x00000000edb80000,0x00000000edb80000)
  from space 23552K, 50% used [0x00000000efa80000,0x00000000f062cb30,0x00000000f1180000)
  to   space 27648K, 0% used [0x00000000edb80000,0x00000000edb80000,0x00000000ef680000)
 ParOldGen       total 159232K, used 87549K [0x00000000a0000000, 0x00000000a9b80000, 0x00000000e0000000)
  object space 159232K, 54% used [0x00000000a0000000,0x00000000a557f4d0,0x00000000a9b80000)
 Metaspace       used 56724K, capacity 57772K, committed 57984K, reserved 1099776K
  class space    used 6755K, capacity 6976K, committed 7040K, reserved 1048576K

